mode: count
github.com/lkumarjain/jn-migrate/store/csv/csv.go:37.38,39.2 1 1
github.com/lkumarjain/jn-migrate/store/csv/csv.go:42.65,44.2 1 1
github.com/lkumarjain/jn-migrate/store/csv/reader.go:10.43,12.16 2 4
github.com/lkumarjain/jn-migrate/store/csv/reader.go:15.2,16.22 2 3
github.com/lkumarjain/jn-migrate/store/csv/reader.go:12.16,13.83 1 1
github.com/lkumarjain/jn-migrate/store/csv/reader.go:19.59,25.6 6 3
github.com/lkumarjain/jn-migrate/store/csv/reader.go:25.6,28.20 3 6
github.com/lkumarjain/jn-migrate/store/csv/reader.go:32.3,32.36 1 3
github.com/lkumarjain/jn-migrate/store/csv/reader.go:36.3,36.82 1 2
github.com/lkumarjain/jn-migrate/store/csv/reader.go:28.20,29.9 1 3
github.com/lkumarjain/jn-migrate/store/csv/reader.go:32.36,34.12 2 1
github.com/lkumarjain/jn-migrate/store/csv/reader.go:40.61,42.15 2 5
github.com/lkumarjain/jn-migrate/store/csv/reader.go:46.2,48.30 3 4
github.com/lkumarjain/jn-migrate/store/csv/reader.go:51.2,51.16 1 4
github.com/lkumarjain/jn-migrate/store/csv/reader.go:42.15,43.77 1 1
github.com/lkumarjain/jn-migrate/store/csv/reader.go:48.30,50.3 1 6
github.com/lkumarjain/jn-migrate/store/csv/reader.go:54.62,55.39 1 10
github.com/lkumarjain/jn-migrate/store/csv/reader.go:58.2,58.11 1 3
github.com/lkumarjain/jn-migrate/store/csv/reader.go:55.39,57.3 1 7
